[2025-07-29T19:49:01.557+0000] {manager.py:488} INFO - Processing files using up to 2 processes at a time 
[2025-07-29T19:49:01.558+0000] {manager.py:489} INFO - Process each file at most once every 30 seconds
[2025-07-29T19:49:01.558+0000] {manager.py:490} INFO - Checking for new files in /opt/airflow/dags every 300 seconds
[2025-07-29T19:49:01.558+0000] {manager.py:760} INFO - Searching for files in /opt/airflow/dags
[2025-07-29T19:49:01.559+0000] {manager.py:763} INFO - There are 2 files in /opt/airflow/dags
[2025-07-29T19:49:01.640+0000] {manager.py:888} INFO - 
================================================================================
DAG File Processing Stats

File Path                                PID  Runtime      # DAGs    # Errors  Last Runtime    Last Run
-------------------------------------  -----  ---------  --------  ----------  --------------  ----------
/opt/airflow/dags/log_reader_dag.py      228  0.03s             0           0
/opt/airflow/dags/crawl_every_hour.py    225  0.05s             0           0
================================================================================
[2025-07-29T19:49:31.798+0000] {manager.py:888} INFO - 
================================================================================
DAG File Processing Stats

File Path                                PID  Runtime      # DAGs    # Errors  Last Runtime    Last Run
-------------------------------------  -----  ---------  --------  ----------  --------------  -------------------
/opt/airflow/dags/log_reader_dag.py      251  0.00s             1           0  0.09s           2025-07-29T19:49:01
/opt/airflow/dags/crawl_every_hour.py    248  0.01s             1           0  0.10s           2025-07-29T19:49:01
================================================================================
[2025-07-29T19:50:01.973+0000] {manager.py:888} INFO - 
================================================================================
DAG File Processing Stats

File Path                                PID  Runtime      # DAGs    # Errors  Last Runtime    Last Run
-------------------------------------  -----  ---------  --------  ----------  --------------  -------------------
/opt/airflow/dags/log_reader_dag.py      261  0.00s             1           0  0.09s           2025-07-29T19:49:31
/opt/airflow/dags/crawl_every_hour.py    258  0.01s             1           0  0.10s           2025-07-29T19:49:31
================================================================================
[2025-07-29T19:50:32.143+0000] {manager.py:888} INFO - 
================================================================================
DAG File Processing Stats

File Path                                PID  Runtime      # DAGs    # Errors  Last Runtime    Last Run
-------------------------------------  -----  ---------  --------  ----------  --------------  -------------------
/opt/airflow/dags/log_reader_dag.py      271  0.00s             1           0  0.08s           2025-07-29T19:50:02
/opt/airflow/dags/crawl_every_hour.py    268  0.01s             1           0  0.09s           2025-07-29T19:50:02
================================================================================
[2025-07-29T19:51:02.310+0000] {manager.py:888} INFO - 
================================================================================
DAG File Processing Stats

File Path                                PID  Runtime      # DAGs    # Errors  Last Runtime    Last Run
-------------------------------------  -----  ---------  --------  ----------  --------------  -------------------
/opt/airflow/dags/log_reader_dag.py      281  0.00s             1           0  0.07s           2025-07-29T19:50:32
/opt/airflow/dags/crawl_every_hour.py    278  0.01s             1           0  0.08s           2025-07-29T19:50:32
================================================================================
[2025-07-29T19:51:32.414+0000] {manager.py:888} INFO - 
================================================================================
DAG File Processing Stats

File Path                                PID  Runtime      # DAGs    # Errors  Last Runtime    Last Run
-------------------------------------  -----  ---------  --------  ----------  --------------  -------------------
/opt/airflow/dags/log_reader_dag.py      291  0.01s             1           0  0.09s           2025-07-29T19:51:02
/opt/airflow/dags/crawl_every_hour.py    288  0.01s             1           0  0.10s           2025-07-29T19:51:02
================================================================================
[2025-07-29T19:52:02.576+0000] {manager.py:888} INFO - 
================================================================================
DAG File Processing Stats

File Path                                PID  Runtime      # DAGs    # Errors  Last Runtime    Last Run
-------------------------------------  -----  ---------  --------  ----------  --------------  -------------------
/opt/airflow/dags/log_reader_dag.py      301  0.00s             1           0  0.09s           2025-07-29T19:51:32
/opt/airflow/dags/crawl_every_hour.py    298  0.01s             1           0  0.09s           2025-07-29T19:51:32
================================================================================
[2025-07-29T19:52:32.758+0000] {manager.py:888} INFO - 
================================================================================
DAG File Processing Stats

File Path                                PID  Runtime      # DAGs    # Errors  Last Runtime    Last Run
-------------------------------------  -----  ---------  --------  ----------  --------------  -------------------
/opt/airflow/dags/log_reader_dag.py      311  0.01s             1           0  0.08s           2025-07-29T19:52:02
/opt/airflow/dags/crawl_every_hour.py    308  0.01s             1           0  0.10s           2025-07-29T19:52:02
================================================================================
[2025-07-29T19:52:40.523+0000] {manager.py:470} INFO - Exiting gracefully upon receiving signal 15
[2025-07-29T19:55:08.861+0000] {manager.py:488} INFO - Processing files using up to 2 processes at a time 
[2025-07-29T19:55:08.862+0000] {manager.py:489} INFO - Process each file at most once every 30 seconds
[2025-07-29T19:55:08.862+0000] {manager.py:490} INFO - Checking for new files in /opt/airflow/dags every 300 seconds
[2025-07-29T19:55:08.862+0000] {manager.py:760} INFO - Searching for files in /opt/airflow/dags
[2025-07-29T19:55:08.863+0000] {manager.py:763} INFO - There are 2 files in /opt/airflow/dags
[2025-07-29T19:55:08.958+0000] {manager.py:888} INFO - 
================================================================================
DAG File Processing Stats

File Path                                PID  Runtime      # DAGs    # Errors  Last Runtime    Last Run
-------------------------------------  -----  ---------  --------  ----------  --------------  ----------
/opt/airflow/dags/log_reader_dag.py      222  0.04s             0           0
/opt/airflow/dags/crawl_every_hour.py    219  0.05s             0           0
================================================================================
[2025-07-29T19:55:39.138+0000] {manager.py:888} INFO - 
================================================================================
DAG File Processing Stats

File Path                                PID  Runtime      # DAGs    # Errors  Last Runtime    Last Run
-------------------------------------  -----  ---------  --------  ----------  --------------  -------------------
/opt/airflow/dags/log_reader_dag.py      233  0.00s             1           0  0.12s           2025-07-29T19:55:09
/opt/airflow/dags/crawl_every_hour.py    230  0.01s             1           0  0.12s           2025-07-29T19:55:09
================================================================================
[2025-07-29T19:55:58.333+0000] {manager.py:470} INFO - Exiting gracefully upon receiving signal 15
[2025-07-29T20:00:02.287+0000] {manager.py:488} INFO - Processing files using up to 2 processes at a time 
[2025-07-29T20:00:02.298+0000] {manager.py:489} INFO - Process each file at most once every 30 seconds
[2025-07-29T20:00:02.298+0000] {manager.py:490} INFO - Checking for new files in /opt/airflow/dags every 300 seconds
[2025-07-29T20:00:02.298+0000] {manager.py:760} INFO - Searching for files in /opt/airflow/dags
[2025-07-29T20:00:02.300+0000] {manager.py:763} INFO - There are 1 files in /opt/airflow/dags
[2025-07-29T20:00:02.378+0000] {manager.py:888} INFO - 
================================================================================
DAG File Processing Stats

File Path                                PID  Runtime      # DAGs    # Errors  Last Runtime    Last Run
-------------------------------------  -----  ---------  --------  ----------  --------------  ----------
/opt/airflow/dags/crawl_every_hour.py    230  0.04s             0           0
================================================================================
[2025-07-29T20:00:32.475+0000] {manager.py:888} INFO - 
================================================================================
DAG File Processing Stats

File Path                                PID  Runtime      # DAGs    # Errors  Last Runtime    Last Run
-------------------------------------  -----  ---------  --------  ----------  --------------  -------------------
/opt/airflow/dags/crawl_every_hour.py    247  0.00s             1           0  0.10s           2025-07-29T20:00:02
================================================================================
[2025-07-29T20:01:02.607+0000] {manager.py:888} INFO - 
================================================================================
DAG File Processing Stats

File Path                                PID  Runtime      # DAGs    # Errors  Last Runtime    Last Run
-------------------------------------  -----  ---------  --------  ----------  --------------  -------------------
/opt/airflow/dags/crawl_every_hour.py    252  0.00s             1           0  0.08s           2025-07-29T20:00:32
================================================================================
[2025-07-29T20:01:32.701+0000] {manager.py:888} INFO - 
================================================================================
DAG File Processing Stats

File Path                                PID  Runtime      # DAGs    # Errors  Last Runtime    Last Run
-------------------------------------  -----  ---------  --------  ----------  --------------  -------------------
/opt/airflow/dags/crawl_every_hour.py    257  0.00s             1           0  0.07s           2025-07-29T20:01:02
================================================================================
[2025-07-29T20:02:02.825+0000] {manager.py:888} INFO - 
================================================================================
DAG File Processing Stats

File Path                                PID  Runtime      # DAGs    # Errors  Last Runtime    Last Run
-------------------------------------  -----  ---------  --------  ----------  --------------  -------------------
/opt/airflow/dags/crawl_every_hour.py    262  0.00s             1           0  0.07s           2025-07-29T20:01:32
================================================================================
[2025-07-29T20:02:32.936+0000] {manager.py:888} INFO - 
================================================================================
DAG File Processing Stats

File Path                                PID  Runtime      # DAGs    # Errors  Last Runtime    Last Run
-------------------------------------  -----  ---------  --------  ----------  --------------  -------------------
/opt/airflow/dags/crawl_every_hour.py    267  0.01s             1           0  0.08s           2025-07-29T20:02:02
================================================================================
[2025-07-29T20:03:03.065+0000] {manager.py:888} INFO - 
================================================================================
DAG File Processing Stats

File Path                                PID  Runtime      # DAGs    # Errors  Last Runtime    Last Run
-------------------------------------  -----  ---------  --------  ----------  --------------  -------------------
/opt/airflow/dags/crawl_every_hour.py    272  0.00s             1           0  0.11s           2025-07-29T20:02:33
================================================================================
[2025-07-29T20:03:33.197+0000] {manager.py:888} INFO - 
================================================================================
DAG File Processing Stats

File Path                                PID  Runtime      # DAGs    # Errors  Last Runtime    Last Run
-------------------------------------  -----  ---------  --------  ----------  --------------  -------------------
/opt/airflow/dags/crawl_every_hour.py    277  0.00s             1           0  0.09s           2025-07-29T20:03:03
================================================================================
[2025-07-29T20:04:03.302+0000] {manager.py:888} INFO - 
================================================================================
DAG File Processing Stats

File Path                                PID  Runtime      # DAGs    # Errors  Last Runtime    Last Run
-------------------------------------  -----  ---------  --------  ----------  --------------  -------------------
/opt/airflow/dags/crawl_every_hour.py    282  0.01s             1           0  0.08s           2025-07-29T20:03:33
================================================================================
[2025-07-29T20:04:33.520+0000] {manager.py:888} INFO - 
================================================================================
DAG File Processing Stats

File Path                              PID    Runtime      # DAGs    # Errors  Last Runtime    Last Run
-------------------------------------  -----  ---------  --------  ----------  --------------  -------------------
/opt/airflow/dags/crawl_every_hour.py                           1           0  0.28s           2025-07-29T20:04:15
================================================================================
[2025-07-29T20:05:02.781+0000] {manager.py:760} INFO - Searching for files in /opt/airflow/dags
[2025-07-29T20:05:02.782+0000] {manager.py:763} INFO - There are 1 files in /opt/airflow/dags
[2025-07-29T20:05:03.792+0000] {manager.py:888} INFO - 
================================================================================
DAG File Processing Stats

File Path                              PID    Runtime      # DAGs    # Errors  Last Runtime    Last Run
-------------------------------------  -----  ---------  --------  ----------  --------------  -------------------
/opt/airflow/dags/crawl_every_hour.py                           1           0  0.09s           2025-07-29T20:04:45
================================================================================
[2025-07-29T20:05:33.946+0000] {manager.py:888} INFO - 
================================================================================
DAG File Processing Stats

File Path                              PID    Runtime      # DAGs    # Errors  Last Runtime    Last Run
-------------------------------------  -----  ---------  --------  ----------  --------------  -------------------
/opt/airflow/dags/crawl_every_hour.py                           1           0  0.08s           2025-07-29T20:05:15
================================================================================
[2025-07-29T20:06:04.038+0000] {manager.py:888} INFO - 
================================================================================
DAG File Processing Stats

File Path                              PID    Runtime      # DAGs    # Errors  Last Runtime    Last Run
-------------------------------------  -----  ---------  --------  ----------  --------------  -------------------
/opt/airflow/dags/crawl_every_hour.py                           1           0  0.08s           2025-07-29T20:05:46
================================================================================
[2025-07-29T20:06:34.172+0000] {manager.py:888} INFO - 
================================================================================
DAG File Processing Stats

File Path                              PID    Runtime      # DAGs    # Errors  Last Runtime    Last Run
-------------------------------------  -----  ---------  --------  ----------  --------------  -------------------
/opt/airflow/dags/crawl_every_hour.py                           1           0  0.08s           2025-07-29T20:06:16
================================================================================
[2025-07-29T20:07:04.276+0000] {manager.py:888} INFO - 
================================================================================
DAG File Processing Stats

File Path                              PID    Runtime      # DAGs    # Errors  Last Runtime    Last Run
-------------------------------------  -----  ---------  --------  ----------  --------------  -------------------
/opt/airflow/dags/crawl_every_hour.py                           1           0  0.09s           2025-07-29T20:06:46
================================================================================
[2025-07-29T20:07:34.418+0000] {manager.py:888} INFO - 
================================================================================
DAG File Processing Stats

File Path                              PID    Runtime      # DAGs    # Errors  Last Runtime    Last Run
-------------------------------------  -----  ---------  --------  ----------  --------------  -------------------
/opt/airflow/dags/crawl_every_hour.py                           1           0  0.19s           2025-07-29T20:07:16
================================================================================
[2025-07-29T20:08:04.623+0000] {manager.py:888} INFO - 
================================================================================
DAG File Processing Stats

File Path                              PID    Runtime      # DAGs    # Errors  Last Runtime    Last Run
-------------------------------------  -----  ---------  --------  ----------  --------------  -------------------
/opt/airflow/dags/crawl_every_hour.py                           1           0  0.18s           2025-07-29T20:07:46
================================================================================
